Arguments: 
  C:\Program Files\nodejs\node.exe C:\Users\Tin.Luong\AppData\Roaming\npm\node_modules\yarn\bin\yarn.js init

PATH: 
  C:\Users\Tin.Luong\bin;C:\Program Files\Git\mingw64\bin;C:\Program Files\Git\usr\local\bin;C:\Program Files\Git\usr\bin;C:\Program Files\Git\usr\bin;C:\Program Files\Git\mingw64\bin;C:\Program Files\Git\usr\bin;C:\Users\Tin.Luong\bin;C:\Dev\instantclient_11_2;C:\WINDOWS\system32;C:\WINDOWS;C:\WINDOWS\System32\Wbem;C:\WINDOWS\System32\WindowsPowerShell\v1.0;C:\Program Files\TortoiseSVN\bin;C:\Program Files\Git\cmd;C:\Program Files\nodejs;C:\Users\Tin.Luong\AppData\Local\GitHubDesktop\bin;C:\Program Files\Microsoft VS Code\bin;C:\Users\Tin.Luong\AppData\Roaming\npm;C:\Program Files\Git\usr\bin\vendor_perl;C:\Program Files\Git\usr\bin\core_perl

Yarn version: 
  1.5.1

Node version: 
  8.10.0

Platform: 
  win32 x64

npm manifest: 
  {
    "dependencies": {
      "yarn": "^1.5.1"
    }
  }

yarn manifest: 
  No manifest

Lockfile: 
  # THIS IS AN AUTOGENERATED FILE. DO NOT EDIT THIS FILE DIRECTLY.
  # yarn lockfile v1
  
  
  yarn@^1.5.1:
    version "1.5.1"
    resolved "https://registry.yarnpkg.com/yarn/-/yarn-1.5.1.tgz#e8680360e832ac89521eb80dad3a7bc27a40bab4"

Trace: 
  Error: Can't answer a question unless a user TTY
      at ConsoleReporter.question (C:\Users\Tin.Luong\AppData\Roaming\npm\node_modules\yarn\lib\cli.js:92962:59)
      at Object.<anonymous> (C:\Users\Tin.Luong\AppData\Roaming\npm\node_modules\yarn\lib\cli.js:85927:38)
      at Generator.next (<anonymous>)
      at step (C:\Users\Tin.Luong\AppData\Roaming\npm\node_modules\yarn\lib\cli.js:98:30)
      at C:\Users\Tin.Luong\AppData\Roaming\npm\node_modules\yarn\lib\cli.js:109:13
      at <anonymous>
